<?xml version="1.0" encoding="utf-8"?><testsuites><testsuite name="pytest" errors="0" failures="0" skipped="0" tests="13" time="0.540" timestamp="2025-09-02T00:44:50.191600+08:00" hostname="MacBook-Pro-2.local"><testcase classname="tests.test_integration.TestAPIIntegration" name="test_api_error_handling" time="0.027" /><testcase classname="tests.test_integration.TestAPIIntegration" name="test_cors_headers" time="0.004" /><testcase classname="tests.test_secrets_manager.TestSecretsManager" name="test_get_secret_success" time="0.002" /><testcase classname="tests.test_secrets_manager.TestSecretsManager" name="test_get_secret_not_found" time="0.002" /><testcase classname="tests.test_secrets_manager.TestSecretsManager" name="test_get_secret_access_denied" time="0.002" /><testcase classname="tests.test_secrets_manager.TestSecretsManager" name="test_get_secret_binary_not_supported" time="0.002" /><testcase classname="tests.test_secrets_manager.TestSecretsManager" name="test_get_secret_unknown_error" time="0.001" /><testcase classname="tests.test_secrets_manager.TestSecretsManager" name="test_get_secret_value_success" time="0.001" /><testcase classname="tests.test_secrets_manager.TestSecretsManager" name="test_get_secret_value_with_default" time="0.002" /><testcase classname="tests.test_secrets_manager.TestGlobalFunctions" name="test_get_secrets_manager_singleton" time="0.001" /><testcase classname="tests.test_secrets_manager.TestGlobalFunctions" name="test_get_app_secret_from_env" time="0.002" /><testcase classname="tests.test_secrets_manager.TestGlobalFunctions" name="test_get_app_secret_from_secrets_manager" time="0.002" /><testcase classname="tests.test_secrets_manager.TestGlobalFunctions" name="test_get_deployment_secret_success" time="0.002" /></testsuite></testsuites>