<?xml version="1.0" encoding="utf-8"?><testsuites name="pytest tests"><testsuite name="pytest" errors="0" failures="0" skipped="0" tests="22" time="0.325" timestamp="2025-08-31T17:01:52.343413+08:00" hostname="MacBook-Pro-2.local"><testcase classname="tests.test_config" name="test_default_settings" time="0.006" /><testcase classname="tests.test_config" name="test_settings_from_env" time="0.007" /><testcase classname="tests.test_config" name="test_get_settings_singleton" time="0.001" /><testcase classname="tests.test_config" name="test_settings_extra_fields_ignored" time="0.006" /><testcase classname="tests.test_integration.TestAPIIntegration" name="test_full_api_flow" time="0.028" /><testcase classname="tests.test_integration.TestAPIIntegration" name="test_api_error_handling" time="0.009" /><testcase classname="tests.test_integration.TestAPIIntegration" name="test_cors_headers" time="0.003" /><testcase classname="tests.test_integration.TestAPIIntegration" name="test_api_versioning" time="0.006" /><testcase classname="tests.test_main" name="test_read_root" time="0.003" /><testcase classname="tests.test_main" name="test_health_check" time="0.003" /><testcase classname="tests.test_main" name="test_get_items" time="0.003" /><testcase classname="tests.test_main" name="test_get_item" time="0.003" /><testcase classname="tests.test_main" name="test_get_item_not_found" time="0.003" /><testcase classname="tests.test_main" name="test_create_item" time="0.004" /><testcase classname="tests.test_routes.TestItemRoutes" name="test_get_items_returns_list" time="0.003" /><testcase classname="tests.test_routes.TestItemRoutes" name="test_get_items_structure" time="0.004" /><testcase classname="tests.test_routes.TestItemRoutes" name="test_get_single_item_success" time="0.004" /><testcase classname="tests.test_routes.TestItemRoutes" name="test_get_single_item_not_found" time="0.004" /><testcase classname="tests.test_routes.TestItemRoutes" name="test_get_item_boundary_values" time="0.009" /><testcase classname="tests.test_routes.TestItemRoutes" name="test_create_item_success" time="0.004" /><testcase classname="tests.test_routes.TestItemRoutes" name="test_create_item_empty_payload" time="0.004" /><testcase classname="tests.test_routes.TestItemRoutes" name="test_create_item_complex_payload" time="0.004" /></testsuite></testsuites>